2023-08-25 18:11:41,969 - root - INFO - There are 0 cases of out of memory in one epoch
2023-08-25 18:12:21,110 - root - INFO - There are 0 cases of out of memory in one epoch
2023-08-25 18:13:04,948 - root - INFO - There are 0 cases of out of memory in one epoch
2023-08-25 18:13:45,457 - root - INFO - There are 1 cases of out of memory in one epoch
2023-08-25 18:14:22,794 - root - INFO - There are 0 cases of out of memory in one epoch
2023-08-25 18:14:58,872 - root - INFO - There are 0 cases of out of memory in one epoch
2023-08-25 18:26:22,764 - root - INFO - There are 10 cases of out of memory in one epoch
2023-08-25 18:26:56,957 - root - INFO - There are 7 cases of out of memory in one epoch
2023-08-25 18:27:29,310 - root - INFO - There are 8 cases of out of memory in one epoch
2023-08-25 18:28:03,568 - root - INFO - There are 10 cases of out of memory in one epoch
2023-08-25 18:29:45,125 - root - INFO - Train step: 100 lip: 18.7175 local_sync: 6.1859 l1: 0.3276 prec_g: 2.3205 disc_real_g: 0.2685 disc_fake_g: 0.1956 | gpu: 11373 | lr: 0.0001
2023-08-25 18:29:45,126 - root - INFO - Valid step: 100 lip: 19.1291 local_sync: 3.6748 l1: 0.3042 prec_g: 2.6351 disc_real_g: 0.0000 disc_fake_g: 0.0744 | wer: 0.9047619047619048
2023-08-25 18:29:45,126 - root - INFO - 

2023-08-25 18:29:55,450 - root - INFO - There are 0 cases of out of memory in one epoch
2023-08-25 18:30:53,829 - root - INFO - Train step: 200 lip: 18.5442 local_sync: 2.4832 l1: 0.2912 prec_g: 2.7286 disc_real_g: 0.0000 disc_fake_g: 0.0687 | gpu: 11373 | lr: 0.0001
2023-08-25 18:30:53,830 - root - INFO - Valid step: 200 lip: 19.1157 local_sync: 2.9900 l1: 0.2761 prec_g: 1.6830 disc_real_g: 0.0000 disc_fake_g: 0.2056 | wer: 0.9047619047619048
2023-08-25 18:30:53,830 - root - INFO - 

2023-08-25 18:31:14,588 - root - INFO - There are 0 cases of out of memory in one epoch
2023-08-25 18:32:00,433 - root - INFO - Train step: 300 lip: 18.7655 local_sync: 2.2340 l1: 0.2361 prec_g: 0.0000 disc_real_g: 0.0000 disc_fake_g: 100.0000 | gpu: 11373 | lr: 0.0001
2023-08-25 18:32:00,433 - root - INFO - Valid step: 300 lip: 19.2433 local_sync: 2.7534 l1: 0.2304 prec_g: 0.0000 disc_real_g: 0.0000 disc_fake_g: 100.0000 | wer: 0.9047619047619048
2023-08-25 18:32:00,433 - root - INFO - 

2023-08-25 18:32:32,028 - root - INFO - There are 0 cases of out of memory in one epoch
2023-08-25 18:33:00,014 - root - INFO - Train step: 400 lip: 18.4476 local_sync: 1.8897 l1: 0.2150 prec_g: 0.0000 disc_real_g: 0.0000 disc_fake_g: 100.0000 | gpu: 12617 | lr: 0.0001
2023-08-25 18:33:00,014 - root - INFO - Valid step: 400 lip: 19.1130 local_sync: 2.5713 l1: 0.2168 prec_g: 0.0000 disc_real_g: 0.0000 disc_fake_g: 100.0000 | wer: 0.9047619047619048
2023-08-25 18:33:00,014 - root - INFO - 

2023-08-25 18:33:38,147 - root - INFO - There are 0 cases of out of memory in one epoch
2023-08-25 18:34:02,340 - root - INFO - Train step: 500 lip: 18.6306 local_sync: 2.0687 l1: 0.2032 prec_g: 0.0000 disc_real_g: 0.0000 disc_fake_g: 100.0000 | gpu: 12617 | lr: 0.0001
2023-08-25 18:34:02,340 - root - INFO - Valid step: 500 lip: 19.0863 local_sync: 2.4133 l1: 0.2034 prec_g: 0.0000 disc_real_g: 0.0000 disc_fake_g: 100.0000 | wer: 0.9047619047619048
2023-08-25 18:34:02,340 - root - INFO - 

2023-08-25 18:34:53,146 - root - INFO - There are 0 cases of out of memory in one epoch
2023-08-25 18:35:03,660 - root - INFO - Train step: 600 lip: 18.6091 local_sync: 1.6388 l1: 0.1914 prec_g: 0.0000 disc_real_g: 0.0000 disc_fake_g: 100.0000 | gpu: 12617 | lr: 0.0001
2023-08-25 18:35:03,660 - root - INFO - Valid step: 600 lip: 19.0420 local_sync: 2.3122 l1: 0.1880 prec_g: 0.0000 disc_real_g: 0.0000 disc_fake_g: 100.0000 | wer: 0.9047619047619048
2023-08-25 18:35:03,660 - root - INFO - 

2023-08-25 18:36:02,971 - root - INFO - Train step: 700 lip: 18.5342 local_sync: 1.6758 l1: 0.1854 prec_g: 0.0000 disc_real_g: 0.0000 disc_fake_g: 100.0000 | gpu: 12617 | lr: 0.0001
2023-08-25 18:36:02,971 - root - INFO - Valid step: 700 lip: 19.0221 local_sync: 2.3049 l1: 0.1778 prec_g: 0.0000 disc_real_g: 0.0000 disc_fake_g: 100.0000 | wer: 0.9047619047619048
2023-08-25 18:36:02,972 - root - INFO - 

2023-08-25 18:36:04,316 - root - INFO - There are 0 cases of out of memory in one epoch
2023-08-25 18:37:01,706 - root - INFO - Train step: 800 lip: 18.4645 local_sync: 1.6068 l1: 0.1722 prec_g: 0.0000 disc_real_g: 0.0000 disc_fake_g: 100.0000 | gpu: 12617 | lr: 0.0001
2023-08-25 18:37:01,706 - root - INFO - Valid step: 800 lip: 19.0521 local_sync: 2.2304 l1: 0.1691 prec_g: 0.0000 disc_real_g: 0.0000 disc_fake_g: 100.0000 | wer: 0.9047619047619048
2023-08-25 18:37:01,706 - root - INFO - 

2023-08-25 18:37:12,039 - root - INFO - There are 0 cases of out of memory in one epoch
2023-08-25 18:38:05,273 - root - INFO - Train step: 900 lip: 18.5051 local_sync: 1.5698 l1: 0.1591 prec_g: 0.0000 disc_real_g: 0.0000 disc_fake_g: 100.0000 | gpu: 12617 | lr: 0.0001
2023-08-25 18:38:05,273 - root - INFO - Valid step: 900 lip: 19.1802 local_sync: 2.1460 l1: 0.1538 prec_g: 0.0000 disc_real_g: 0.0000 disc_fake_g: 100.0000 | wer: 0.9047619047619048
2023-08-25 18:38:05,273 - root - INFO - 

2023-08-25 18:38:28,220 - root - INFO - There are 0 cases of out of memory in one epoch
2023-08-25 18:39:09,866 - root - INFO - Train step: 1000 lip: 18.6639 local_sync: 1.4402 l1: 0.1456 prec_g: 0.0000 disc_real_g: 0.0000 disc_fake_g: 100.0000 | gpu: 12617 | lr: 0.0001
2023-08-25 18:39:09,866 - root - INFO - Valid step: 1000 lip: 19.3754 local_sync: 2.0629 l1: 0.1368 prec_g: 0.0000 disc_real_g: 0.0000 disc_fake_g: 100.0000 | wer: 0.9047619047619048
2023-08-25 18:39:09,866 - root - INFO - 

2023-08-29 19:05:09,146 - root - INFO - Train step: 100 lip: 21.3686 local_sync: 7.0870 l1: 0.2668 prec_g: 0.7165 disc_real_g: 0.5445 disc_fake_g: 0.8074 | gpu: 14422 | lr: 0.0001
2023-08-29 19:05:09,147 - root - INFO - Valid step: 100 lip: 20.6846 local_sync: 4.1389 l1: 0.2272 prec_g: 0.7904 disc_real_g: 0.7808 disc_fake_g: 0.6045 | wer: 0.9837016371778871
2023-08-29 19:05:09,147 - root - INFO - 

2023-08-29 19:27:10,633 - root - INFO - Train step: 200 lip: 20.6850 local_sync: 5.2729 l1: 0.2517 prec_g: 0.7065 disc_real_g: 0.5877 disc_fake_g: 0.7560 | gpu: 10632 | lr: 0.0001
2023-08-29 19:27:10,633 - root - INFO - Valid step: 200 lip: 20.7333 local_sync: 3.1918 l1: 0.2041 prec_g: 0.4342 disc_real_g: 0.1775 disc_fake_g: 7.9965 | wer: 0.9847294618603627
2023-08-29 19:27:10,633 - root - INFO - 

2023-08-29 19:48:51,077 - root - INFO - Train step: 300 lip: 20.7913 local_sync: 4.4621 l1: 0.2395 prec_g: 0.7011 disc_real_g: 0.6126 disc_fake_g: 0.7491 | gpu: 10632 | lr: 0.0001
2023-08-29 19:48:51,077 - root - INFO - Valid step: 300 lip: 20.6895 local_sync: 2.8464 l1: 0.1867 prec_g: 0.7102 disc_real_g: 0.6664 disc_fake_g: 0.6763 | wer: 0.9831877248366493
2023-08-29 19:48:51,077 - root - INFO - 

2023-08-29 20:10:43,581 - root - INFO - Train step: 400 lip: 20.8290 local_sync: 4.0000 l1: 0.2333 prec_g: 0.7044 disc_real_g: 0.5973 disc_fake_g: 0.7328 | gpu: 23080 | lr: 0.0001
2023-08-29 20:10:43,582 - root - INFO - Valid step: 400 lip: 20.7400 local_sync: 2.6472 l1: 0.1883 prec_g: 0.7408 disc_real_g: 0.5256 disc_fake_g: 0.6477 | wer: 0.9867116951765657
2023-08-29 20:10:43,582 - root - INFO - 

2023-08-29 20:33:38,969 - root - INFO - Train step: 500 lip: 20.8909 local_sync: 3.6574 l1: 0.2287 prec_g: 0.6242 disc_real_g: 0.5206 disc_fake_g: 12.4394 | gpu: 24060 | lr: 0.0001
2023-08-29 20:33:38,969 - root - INFO - Valid step: 500 lip: 20.7571 local_sync: 2.4854 l1: 0.1773 prec_g: 0.0000 disc_real_g: 0.0000 disc_fake_g: 100.0000 | wer: 0.9859041186403348
2023-08-29 20:33:38,970 - root - INFO - 

2023-08-29 20:56:12,866 - root - INFO - Train step: 600 lip: 20.6852 local_sync: 3.4260 l1: 0.2274 prec_g: 0.5202 disc_real_g: 0.4339 disc_fake_g: 27.0328 | gpu: 19936 | lr: 0.0001
2023-08-29 20:56:12,866 - root - INFO - Valid step: 600 lip: 20.7398 local_sync: 2.3801 l1: 0.1666 prec_g: 0.0000 disc_real_g: 0.0000 disc_fake_g: 100.0000 | wer: 0.9841421334703766
2023-08-29 20:56:12,866 - root - INFO - 

2023-08-29 20:56:12,866 - root - INFO - Audio encoder start to finetune
2023-08-29 20:56:12,866 - root - INFO - 

2023-08-29 21:19:20,716 - root - INFO - Train step: 700 lip: 20.4898 local_sync: 3.2333 l1: 0.2234 prec_g: 0.4459 disc_real_g: 0.3719 disc_fake_g: 37.4567 | gpu: 19960 | lr: 0.0001
2023-08-29 21:19:20,716 - root - INFO - Valid step: 700 lip: 20.7969 local_sync: 2.0390 l1: 0.1536 prec_g: 0.0000 disc_real_g: 0.0000 disc_fake_g: 100.0000 | wer: 0.9875192717127964
2023-08-29 21:19:20,716 - root - INFO - 

2023-08-29 21:42:00,599 - root - INFO - Train step: 800 lip: 20.3590 local_sync: 3.0566 l1: 0.2217 prec_g: 0.3902 disc_real_g: 0.3254 disc_fake_g: 45.2746 | gpu: 19960 | lr: 0.0001
2023-08-29 21:42:00,599 - root - INFO - Valid step: 800 lip: 20.8589 local_sync: 1.9083 l1: 0.1480 prec_g: 0.0000 disc_real_g: 0.0000 disc_fake_g: 100.0000 | wer: 0.9883268482490273
2023-08-29 21:42:00,599 - root - INFO - 

2023-08-29 22:03:46,363 - root - INFO - Train step: 900 lip: 20.2477 local_sync: 2.8934 l1: 0.2185 prec_g: 0.3468 disc_real_g: 0.2892 disc_fake_g: 51.3552 | gpu: 19960 | lr: 0.0001
2023-08-29 22:03:46,363 - root - INFO - Valid step: 900 lip: 20.7757 local_sync: 1.7217 l1: 0.1408 prec_g: 0.0000 disc_real_g: 0.0000 disc_fake_g: 100.0000 | wer: 0.9872256075178034
2023-08-29 22:03:46,363 - root - INFO - 

2023-08-29 22:25:20,157 - root - INFO - Train step: 1000 lip: 20.2055 local_sync: 2.7448 l1: 0.2168 prec_g: 0.3121 disc_real_g: 0.2603 disc_fake_g: 56.2197 | gpu: 19960 | lr: 0.0001
2023-08-29 22:25:20,158 - root - INFO - Valid step: 1000 lip: 20.8309 local_sync: 1.6277 l1: 0.1328 prec_g: 0.0000 disc_real_g: 0.0000 disc_fake_g: 100.0000 | wer: 0.9892812568827546
2023-08-29 22:25:20,158 - root - INFO - 

2023-08-29 22:47:17,125 - root - INFO - Train step: 1100 lip: 20.3284 local_sync: 2.6282 l1: 0.2158 prec_g: 0.2837 disc_real_g: 0.2366 disc_fake_g: 60.1997 | gpu: 19960 | lr: 0.0001
2023-08-29 22:47:17,125 - root - INFO - Valid step: 1100 lip: 20.7956 local_sync: 1.5913 l1: 0.1412 prec_g: 0.0000 disc_real_g: 0.0000 disc_fake_g: 100.0000 | wer: 0.9855370383965935
2023-08-29 22:47:17,125 - root - INFO - 

2023-08-29 23:10:02,127 - root - INFO - Train step: 1200 lip: 20.4204 local_sync: 2.5376 l1: 0.2131 prec_g: 0.2601 disc_real_g: 0.2169 disc_fake_g: 63.5164 | gpu: 19960 | lr: 0.0001
2023-08-29 23:10:02,128 - root - INFO - Valid step: 1200 lip: 20.8356 local_sync: 1.5280 l1: 0.1387 prec_g: 0.0000 disc_real_g: 0.0000 disc_fake_g: 100.0000 | wer: 0.9866382791278173
2023-08-29 23:10:02,128 - root - INFO - 

2023-08-29 23:10:02,128 - root - INFO - Lip reading start to work
2023-08-29 23:10:02,128 - root - INFO - 

2023-08-29 23:32:40,079 - root - INFO - Train step: 1300 lip: 20.5529 local_sync: 2.4412 l1: 0.2117 prec_g: 0.2401 disc_real_g: 0.2002 disc_fake_g: 66.3228 | gpu: 19960 | lr: 0.0001
2023-08-29 23:32:40,079 - root - INFO - Valid step: 1300 lip: 20.9028 local_sync: 1.4968 l1: 0.1412 prec_g: 0.0000 disc_real_g: 0.0000 disc_fake_g: 100.0000 | wer: 0.9869319433228103
2023-08-29 23:32:40,079 - root - INFO - 

2023-08-29 23:55:24,027 - root - INFO - Train step: 1400 lip: 20.4961 local_sync: 2.3580 l1: 0.2103 prec_g: 0.2229 disc_real_g: 0.1859 disc_fake_g: 68.7284 | gpu: 19960 | lr: 0.0001
2023-08-29 23:55:24,027 - root - INFO - Valid step: 1400 lip: 20.9148 local_sync: 1.4741 l1: 0.1271 prec_g: 0.0000 disc_real_g: 0.0000 disc_fake_g: 100.0000 | wer: 0.9872256075178034
2023-08-29 23:55:24,027 - root - INFO - 

2023-08-30 00:17:34,786 - root - INFO - Train step: 1500 lip: 20.5175 local_sync: 2.2922 l1: 0.2078 prec_g: 0.2081 disc_real_g: 0.1735 disc_fake_g: 70.8131 | gpu: 19960 | lr: 0.0001
2023-08-30 00:17:34,786 - root - INFO - Valid step: 1500 lip: 20.8704 local_sync: 1.3119 l1: 0.1338 prec_g: 0.0000 disc_real_g: 0.0000 disc_fake_g: 100.0000 | wer: 0.9901622494677337
2023-08-30 00:17:34,786 - root - INFO - 

2023-08-30 00:40:19,970 - root - INFO - Train step: 1600 lip: 20.5467 local_sync: 2.2261 l1: 0.2066 prec_g: 0.1951 disc_real_g: 0.1627 disc_fake_g: 72.6373 | gpu: 19964 | lr: 0.0001
2023-08-30 00:40:19,970 - root - INFO - Valid step: 1600 lip: 20.9718 local_sync: 1.3221 l1: 0.1211 prec_g: 0.0000 disc_real_g: 0.0000 disc_fake_g: 100.0000 | wer: 0.9892078408340064
2023-08-30 00:40:19,970 - root - INFO - 

2023-08-30 01:02:43,365 - root - INFO - Train step: 1700 lip: 20.5177 local_sync: 2.1618 l1: 0.2050 prec_g: 0.1836 disc_real_g: 0.1531 disc_fake_g: 74.2469 | gpu: 19964 | lr: 0.0001
2023-08-30 01:02:43,366 - root - INFO - Valid step: 1700 lip: 20.9978 local_sync: 1.3281 l1: 0.1440 prec_g: 0.0000 disc_real_g: 0.0000 disc_fake_g: 100.0000 | wer: 0.9889875926877616
2023-08-30 01:02:43,366 - root - INFO - 

2023-08-30 01:25:06,512 - root - INFO - Train step: 1800 lip: 20.4533 local_sync: 2.0980 l1: 0.2037 prec_g: 0.1734 disc_real_g: 0.1446 disc_fake_g: 75.6776 | gpu: 19964 | lr: 0.0001
2023-08-30 01:25:06,513 - root - INFO - Valid step: 1800 lip: 20.9084 local_sync: 1.2438 l1: 0.1311 prec_g: 0.0000 disc_real_g: 0.0000 disc_fake_g: 100.0000 | wer: 0.9889141766390133
2023-08-30 01:25:06,513 - root - INFO - 

2023-08-30 01:25:06,513 - root - INFO - Training done
2023-08-30 10:58:59,557 - root - INFO - Train step: 100 lip: 21.5793 local_sync: 8.6127 l1: 0.1524 prec_g: 0.6579 disc_real_g: 0.6540 disc_fake_g: 0.7767 | gpu: 11450 | lr: 0.0001
2023-08-30 10:58:59,557 - root - INFO - Valid step: 100 lip: 21.7456 local_sync: 6.4438 l1: 0.0925 prec_g: 0.6595 disc_real_g: 0.6594 disc_fake_g: 0.7279 | wer: 0.9837750532266354
2023-08-30 10:58:59,557 - root - INFO - 

2023-08-30 13:37:31,996 - root - INFO - Train step: 1000 lip: 89.5519 local_sync: 4.8538 l1: 0.0862 prec_g: 0.6668 disc_real_g: 0.6525 disc_fake_g: 0.7372 | gpu: 24200 | lr: 0.0001
2023-08-30 13:37:31,997 - root - INFO - Valid step: 1000 lip: 92.7776 local_sync: 3.7913 l1: 0.0503 prec_g: 0.6642 disc_real_g: 0.6634 disc_fake_g: 0.7230 | wer: 0.9948051948051948
2023-08-30 13:37:31,997 - root - INFO - 

2023-08-30 15:09:34,019 - root - INFO - Train step: 2000 lip: 90.7496 local_sync: 3.9894 l1: 0.0726 prec_g: 0.6630 disc_real_g: 0.6557 disc_fake_g: 0.7299 | gpu: 22274 | lr: 0.0001
2023-08-30 15:09:34,019 - root - INFO - Valid step: 2000 lip: 93.7452 local_sync: 3.0407 l1: 0.0470 prec_g: 0.6577 disc_real_g: 0.6564 disc_fake_g: 0.7299 | wer: 0.9944588744588745
2023-08-30 15:09:34,019 - root - INFO - 

2023-08-30 16:41:28,791 - root - INFO - Train step: 3000 lip: 90.7283 local_sync: 3.5359 l1: 0.0658 prec_g: 0.6609 disc_real_g: 0.6555 disc_fake_g: 0.7274 | gpu: 22514 | lr: 0.0001
2023-08-30 16:41:28,793 - root - INFO - Valid step: 3000 lip: 94.5482 local_sync: 2.6756 l1: 0.0440 prec_g: 0.7251 disc_real_g: 0.7245 disc_fake_g: 0.6622 | wer: 0.9946320346320346
2023-08-30 16:41:28,793 - root - INFO - 

2023-08-30 17:53:23,154 - root - INFO - Load checkpoint from: /data0/hzt/exp/TalkLip/disc_checkpoint_step000003000.pth
2023-08-30 17:53:58,631 - root - INFO - Load checkpoint from: /data0/hzt/exp/TalkLip/checkpoint_step000003000.pth
2023-08-30 17:53:59,104 - root - INFO - Load optimizer state from /data0/hzt/exp/TalkLip/checkpoint_step000003000.pth
2023-08-30 18:26:08,192 - root - INFO - Train step: 3300 lip: 89.5755 local_sync: 2.4935 l1: 0.0493 prec_g: 0.6535 disc_real_g: 0.6503 disc_fake_g: 0.7953 | gpu: 20804 | lr: 0.0001
2023-08-30 18:26:08,192 - root - INFO - Valid step: 3300 lip: 95.2816 local_sync: 2.4257 l1: 0.0453 prec_g: 0.6942 disc_real_g: 0.6941 disc_fake_g: 0.6921 | wer: 0.994978354978355
2023-08-30 18:26:08,192 - root - INFO - 

2023-08-30 18:58:54,182 - root - INFO - Train step: 3600 lip: 90.0984 local_sync: 2.4169 l1: 0.0493 prec_g: 0.6598 disc_real_g: 0.6559 disc_fake_g: 0.7664 | gpu: 22512 | lr: 0.0001
2023-08-30 18:58:54,182 - root - INFO - Valid step: 3600 lip: 95.7156 local_sync: 2.4397 l1: 0.0469 prec_g: 0.6662 disc_real_g: 0.6647 disc_fake_g: 0.7209 | wer: 0.9953246753246753
2023-08-30 18:58:54,182 - root - INFO - 

2023-08-30 19:31:00,596 - root - INFO - Train step: 3900 lip: 90.6072 local_sync: 2.3769 l1: 0.0485 prec_g: 0.6597 disc_real_g: 0.6570 disc_fake_g: 0.7521 | gpu: 24188 | lr: 0.0001
2023-08-30 19:31:00,596 - root - INFO - Valid step: 3900 lip: 95.7395 local_sync: 2.4064 l1: 0.0446 prec_g: 0.6604 disc_real_g: 0.6599 disc_fake_g: 0.7270 | wer: 0.9948051948051948
2023-08-30 19:31:00,596 - root - INFO - 

2023-08-30 20:03:43,806 - root - INFO - Train step: 4200 lip: 90.9915 local_sync: 2.3190 l1: 0.0479 prec_g: 0.6596 disc_real_g: 0.6575 disc_fake_g: 0.7450 | gpu: 23108 | lr: 0.0001
2023-08-30 20:03:43,806 - root - INFO - Valid step: 4200 lip: 95.2549 local_sync: 2.6358 l1: 0.0376 prec_g: 0.6778 disc_real_g: 0.6782 disc_fake_g: 0.7088 | wer: 0.9951515151515151
2023-08-30 20:03:43,806 - root - INFO - 

2023-08-30 20:37:28,069 - root - INFO - Train step: 4500 lip: 91.3323 local_sync: 2.2766 l1: 0.0475 prec_g: 0.6593 disc_real_g: 0.6574 disc_fake_g: 0.7407 | gpu: 23658 | lr: 0.0001
2023-08-30 20:37:28,069 - root - INFO - Valid step: 4500 lip: 95.6909 local_sync: 2.3583 l1: 0.0385 prec_g: 0.6566 disc_real_g: 0.6565 disc_fake_g: 0.7311 | wer: 0.9948051948051948
2023-08-30 20:37:28,069 - root - INFO - 

2023-08-30 21:13:36,490 - root - INFO - Train step: 4800 lip: 91.3373 local_sync: 2.2521 l1: 0.0470 prec_g: 0.6592 disc_real_g: 0.6576 disc_fake_g: 0.7371 | gpu: 22994 | lr: 0.0001
2023-08-30 21:13:36,490 - root - INFO - Valid step: 4800 lip: 95.9691 local_sync: 2.2117 l1: 0.0417 prec_g: 0.6650 disc_real_g: 0.6655 disc_fake_g: 0.7222 | wer: 0.9941125541125541
2023-08-30 21:13:36,490 - root - INFO - 

2023-08-30 21:45:36,615 - root - INFO - Train step: 5100 lip: 91.7056 local_sync: 2.2246 l1: 0.0468 prec_g: 0.6589 disc_real_g: 0.6574 disc_fake_g: 0.7362 | gpu: 23148 | lr: 0.0001
2023-08-30 21:45:36,615 - root - INFO - Valid step: 5100 lip: 96.5346 local_sync: 2.1833 l1: 0.0364 prec_g: 0.6966 disc_real_g: 0.6966 disc_fake_g: 0.6897 | wer: 0.9948051948051948
2023-08-30 21:45:36,615 - root - INFO - 

2023-08-30 22:18:06,866 - root - INFO - Train step: 5400 lip: 91.6731 local_sync: 2.1934 l1: 0.0462 prec_g: 0.6593 disc_real_g: 0.6578 disc_fake_g: 0.7359 | gpu: 22568 | lr: 0.0001
2023-08-30 22:18:06,866 - root - INFO - Valid step: 5400 lip: 96.6367 local_sync: 2.1447 l1: 0.0381 prec_g: 0.6601 disc_real_g: 0.6600 disc_fake_g: 0.7273 | wer: 0.9942857142857143
2023-08-30 22:18:06,866 - root - INFO - 

2023-08-30 22:50:49,362 - root - INFO - Train step: 5700 lip: 92.2979 local_sync: 2.1676 l1: 0.0458 prec_g: 0.6590 disc_real_g: 0.6577 disc_fake_g: 0.7343 | gpu: 24182 | lr: 0.0001
2023-08-30 22:50:49,362 - root - INFO - Valid step: 5700 lip: 96.5448 local_sync: 2.1588 l1: 0.0339 prec_g: 0.6620 disc_real_g: 0.6619 disc_fake_g: 0.7253 | wer: 0.9948051948051948
2023-08-30 22:50:49,362 - root - INFO - 

2023-08-30 23:20:09,994 - root - INFO - Train step: 6000 lip: 92.2514 local_sync: 2.1422 l1: 0.0454 prec_g: 0.6589 disc_real_g: 0.6577 disc_fake_g: 0.7334 | gpu: 24204 | lr: 0.0001
2023-08-30 23:20:09,994 - root - INFO - Valid step: 6000 lip: 96.0743 local_sync: 2.1340 l1: 0.0337 prec_g: 0.6598 disc_real_g: 0.6597 disc_fake_g: 0.7277 | wer: 0.9954978354978355
2023-08-30 23:20:09,994 - root - INFO - 

2023-08-30 23:52:34,394 - root - INFO - Train step: 6300 lip: 92.2105 local_sync: 2.1228 l1: 0.0450 prec_g: 0.6589 disc_real_g: 0.6578 disc_fake_g: 0.7325 | gpu: 20280 | lr: 0.0001
2023-08-30 23:52:34,394 - root - INFO - Valid step: 6300 lip: 96.4711 local_sync: 2.0088 l1: 0.0420 prec_g: 0.6559 disc_real_g: 0.6560 disc_fake_g: 0.7318 | wer: 0.994978354978355
2023-08-30 23:52:34,394 - root - INFO - 

2023-08-31 00:24:14,976 - root - INFO - Train step: 6600 lip: 92.1380 local_sync: 2.0976 l1: 0.0447 prec_g: 0.6587 disc_real_g: 0.6576 disc_fake_g: 0.7316 | gpu: 20006 | lr: 0.0001
2023-08-31 00:24:14,976 - root - INFO - Valid step: 6600 lip: 96.0614 local_sync: 2.2396 l1: 0.0326 prec_g: 0.6596 disc_real_g: 0.6595 disc_fake_g: 0.7279 | wer: 0.9946320346320346
2023-08-31 00:24:14,976 - root - INFO - 

2023-08-31 00:56:52,494 - root - INFO - Train step: 6900 lip: 92.1906 local_sync: 2.0791 l1: 0.0444 prec_g: 0.6583 disc_real_g: 0.6572 disc_fake_g: 0.7305 | gpu: 23698 | lr: 0.0001
2023-08-31 00:56:52,494 - root - INFO - Valid step: 6900 lip: 96.3093 local_sync: 2.0657 l1: 0.0322 prec_g: 0.6584 disc_real_g: 0.6582 disc_fake_g: 0.7291 | wer: 0.9954978354978355
2023-08-31 00:56:52,494 - root - INFO - 

2023-08-31 01:28:32,079 - root - INFO - Train step: 7200 lip: 92.1841 local_sync: 2.0615 l1: 0.0441 prec_g: 0.6584 disc_real_g: 0.6574 disc_fake_g: 0.7303 | gpu: 23714 | lr: 0.0001
2023-08-31 01:28:32,079 - root - INFO - Valid step: 7200 lip: 96.4480 local_sync: 2.1168 l1: 0.0337 prec_g: 0.6605 disc_real_g: 0.6609 disc_fake_g: 0.7269 | wer: 0.9948051948051948
2023-08-31 01:28:32,079 - root - INFO - 

2023-08-31 01:59:08,126 - root - INFO - Train step: 7500 lip: 92.2127 local_sync: 2.0427 l1: 0.0438 prec_g: 0.6586 disc_real_g: 0.6576 disc_fake_g: 0.7301 | gpu: 23714 | lr: 0.0001
2023-08-31 01:59:08,126 - root - INFO - Valid step: 7500 lip: 96.7635 local_sync: 2.0500 l1: 0.0330 prec_g: 0.6657 disc_real_g: 0.6653 disc_fake_g: 0.7214 | wer: 0.9946320346320346
2023-08-31 01:59:08,126 - root - INFO - 

2023-08-31 02:29:52,830 - root - INFO - Train step: 7800 lip: 92.2308 local_sync: 2.0261 l1: 0.0435 prec_g: 0.6586 disc_real_g: 0.6576 disc_fake_g: 0.7297 | gpu: 23524 | lr: 0.0001
2023-08-31 02:29:52,831 - root - INFO - Valid step: 7800 lip: 96.3372 local_sync: 1.8093 l1: 0.0435 prec_g: 0.6559 disc_real_g: 0.6568 disc_fake_g: 0.7319 | wer: 0.9942857142857143
2023-08-31 02:29:52,831 - root - INFO - 

2023-08-31 03:04:35,150 - root - INFO - Train step: 8100 lip: 92.3514 local_sync: 2.0111 l1: 0.0433 prec_g: 0.6585 disc_real_g: 0.6576 disc_fake_g: 0.7295 | gpu: 24196 | lr: 0.0001
2023-08-31 03:04:35,151 - root - INFO - Valid step: 8100 lip: 96.5702 local_sync: 2.0412 l1: 0.0328 prec_g: 0.6810 disc_real_g: 0.6815 disc_fake_g: 0.7054 | wer: 0.9953246753246753
2023-08-31 03:04:35,151 - root - INFO - 

2023-08-31 03:36:23,952 - root - INFO - Train step: 8400 lip: 92.2327 local_sync: 1.9969 l1: 0.0431 prec_g: 0.6585 disc_real_g: 0.6577 disc_fake_g: 0.7294 | gpu: 23178 | lr: 0.0001
2023-08-31 03:36:23,952 - root - INFO - Valid step: 8400 lip: 96.9250 local_sync: 2.0277 l1: 0.0343 prec_g: 0.6629 disc_real_g: 0.6631 disc_fake_g: 0.7243 | wer: 0.9939393939393939
2023-08-31 03:36:23,952 - root - INFO - 

2023-08-31 04:08:14,008 - root - INFO - Train step: 8700 lip: 92.3659 local_sync: 1.9850 l1: 0.0428 prec_g: 0.6584 disc_real_g: 0.6576 disc_fake_g: 0.7290 | gpu: 24134 | lr: 0.0001
2023-08-31 04:08:14,008 - root - INFO - Valid step: 8700 lip: 96.6745 local_sync: 1.9270 l1: 0.0321 prec_g: 0.6607 disc_real_g: 0.6609 disc_fake_g: 0.7267 | wer: 0.9942857142857143
2023-08-31 04:08:14,008 - root - INFO - 

2023-08-31 04:41:30,105 - root - INFO - Train step: 9000 lip: 92.4060 local_sync: 1.9737 l1: 0.0425 prec_g: 0.6583 disc_real_g: 0.6575 disc_fake_g: 0.7289 | gpu: 24154 | lr: 0.0001
2023-08-31 04:41:30,105 - root - INFO - Valid step: 9000 lip: 96.3540 local_sync: 1.9167 l1: 0.0358 prec_g: 0.6638 disc_real_g: 0.6637 disc_fake_g: 0.7234 | wer: 0.9942857142857143
2023-08-31 04:41:30,105 - root - INFO - 

2023-08-31 05:13:43,294 - root - INFO - Train step: 9300 lip: 92.4842 local_sync: 1.9604 l1: 0.0422 prec_g: 0.6581 disc_real_g: 0.6574 disc_fake_g: 0.7284 | gpu: 23562 | lr: 0.0001
2023-08-31 05:13:43,294 - root - INFO - Valid step: 9300 lip: 96.5273 local_sync: 2.0595 l1: 0.0318 prec_g: 0.6555 disc_real_g: 0.6554 disc_fake_g: 0.7323 | wer: 0.9948051948051948
2023-08-31 05:13:43,294 - root - INFO - 

2023-08-31 05:44:08,403 - root - INFO - Train step: 9600 lip: 92.5334 local_sync: 1.9484 l1: 0.0420 prec_g: 0.6582 disc_real_g: 0.6575 disc_fake_g: 0.7284 | gpu: 22644 | lr: 0.0001
2023-08-31 05:44:08,403 - root - INFO - Valid step: 9600 lip: 96.8577 local_sync: 1.8530 l1: 0.0318 prec_g: 0.6598 disc_real_g: 0.6600 disc_fake_g: 0.7277 | wer: 0.9946320346320346
2023-08-31 05:44:08,403 - root - INFO - 

2023-08-31 06:16:15,011 - root - INFO - Train step: 9900 lip: 92.6683 local_sync: 1.9363 l1: 0.0418 prec_g: 0.6582 disc_real_g: 0.6574 disc_fake_g: 0.7283 | gpu: 24200 | lr: 0.0001
2023-08-31 06:16:15,011 - root - INFO - Valid step: 9900 lip: 96.7639 local_sync: 1.7816 l1: 0.0368 prec_g: 0.6566 disc_real_g: 0.6566 disc_fake_g: 0.7311 | wer: 0.994978354978355
2023-08-31 06:16:15,011 - root - INFO - 

2023-08-31 06:47:54,034 - root - INFO - Train step: 10200 lip: 92.6244 local_sync: 1.9263 l1: 0.0416 prec_g: 0.6582 disc_real_g: 0.6575 disc_fake_g: 0.7283 | gpu: 24076 | lr: 0.0001
2023-08-31 06:47:54,035 - root - INFO - Valid step: 10200 lip: 96.4896 local_sync: 1.8066 l1: 0.0356 prec_g: 0.6547 disc_real_g: 0.6532 disc_fake_g: 0.7336 | wer: 0.9948051948051948
2023-08-31 06:47:54,035 - root - INFO - 

2023-08-31 07:19:38,397 - root - INFO - Train step: 10500 lip: 92.5782 local_sync: 1.9168 l1: 0.0414 prec_g: 0.6583 disc_real_g: 0.6576 disc_fake_g: 0.7283 | gpu: 24022 | lr: 0.0001
2023-08-31 07:19:38,397 - root - INFO - Valid step: 10500 lip: 96.9370 local_sync: 1.8698 l1: 0.0314 prec_g: 0.6666 disc_real_g: 0.6665 disc_fake_g: 0.7204 | wer: 0.9951515151515151
2023-08-31 07:19:38,397 - root - INFO - 

2023-08-31 07:50:57,014 - root - INFO - Train step: 10800 lip: 92.5144 local_sync: 1.9094 l1: 0.0412 prec_g: 0.6583 disc_real_g: 0.6575 disc_fake_g: 0.7282 | gpu: 21632 | lr: 0.0001
2023-08-31 07:50:57,014 - root - INFO - Valid step: 10800 lip: 96.5562 local_sync: 1.8666 l1: 0.0312 prec_g: 0.6616 disc_real_g: 0.6612 disc_fake_g: 0.7258 | wer: 0.994978354978355
2023-08-31 07:50:57,014 - root - INFO - 

2023-08-31 08:20:22,873 - root - INFO - Train step: 11100 lip: 92.5126 local_sync: 1.8990 l1: 0.0410 prec_g: 0.6584 disc_real_g: 0.6577 disc_fake_g: 0.7281 | gpu: 23758 | lr: 0.0001
2023-08-31 08:20:22,873 - root - INFO - Valid step: 11100 lip: 96.8167 local_sync: 1.8433 l1: 0.0301 prec_g: 0.6630 disc_real_g: 0.6629 disc_fake_g: 0.7242 | wer: 0.994978354978355
2023-08-31 08:20:22,873 - root - INFO - 

2023-08-31 08:51:02,687 - root - INFO - Train step: 11400 lip: 92.6007 local_sync: 1.8908 l1: 0.0408 prec_g: 0.6584 disc_real_g: 0.6577 disc_fake_g: 0.7280 | gpu: 22986 | lr: 0.0001
2023-08-31 08:51:02,696 - root - INFO - Valid step: 11400 lip: 96.5817 local_sync: 1.7965 l1: 0.0318 prec_g: 0.6768 disc_real_g: 0.6753 disc_fake_g: 0.7099 | wer: 0.9946320346320346
2023-08-31 08:51:02,696 - root - INFO - 

2023-08-31 09:23:34,200 - root - INFO - Train step: 11700 lip: 92.5645 local_sync: 1.8833 l1: 0.0406 prec_g: 0.6584 disc_real_g: 0.6577 disc_fake_g: 0.7276 | gpu: 23988 | lr: 0.0001
2023-08-31 09:23:34,200 - root - INFO - Valid step: 11700 lip: 96.9759 local_sync: 1.7653 l1: 0.0335 prec_g: 0.6746 disc_real_g: 0.6738 disc_fake_g: 0.7123 | wer: 0.9939393939393939
2023-08-31 09:23:34,200 - root - INFO - 

2023-08-31 09:54:35,630 - root - INFO - Train step: 12000 lip: 92.5364 local_sync: 1.8749 l1: 0.0404 prec_g: 0.6584 disc_real_g: 0.6576 disc_fake_g: 0.7276 | gpu: 24212 | lr: 0.0001
2023-08-31 09:54:35,630 - root - INFO - Valid step: 12000 lip: 97.1602 local_sync: 1.8854 l1: 0.0309 prec_g: 0.6594 disc_real_g: 0.6598 disc_fake_g: 0.7281 | wer: 0.994978354978355
2023-08-31 09:54:35,630 - root - INFO - 

2023-08-31 10:25:43,157 - root - INFO - Train step: 12300 lip: 92.5075 local_sync: 1.8658 l1: 0.0402 prec_g: 0.6583 disc_real_g: 0.6575 disc_fake_g: 0.7274 | gpu: 23392 | lr: 0.0001
2023-08-31 10:25:43,157 - root - INFO - Valid step: 12300 lip: 96.8924 local_sync: 1.8807 l1: 0.0295 prec_g: 0.6591 disc_real_g: 0.6587 disc_fake_g: 0.7285 | wer: 0.9942857142857143
2023-08-31 10:25:43,157 - root - INFO - 

2023-08-31 11:00:50,795 - root - INFO - Train step: 12600 lip: 92.5062 local_sync: 1.8584 l1: 0.0401 prec_g: 0.6584 disc_real_g: 0.6575 disc_fake_g: 0.7272 | gpu: 20100 | lr: 0.0001
2023-08-31 11:00:50,795 - root - INFO - Valid step: 12600 lip: 96.2493 local_sync: 1.8190 l1: 0.0336 prec_g: 0.6301 disc_real_g: 0.6292 disc_fake_g: 0.7605 | wer: 0.9948051948051948
2023-08-31 11:00:50,795 - root - INFO - 

2023-09-01 11:12:29,365 - root - INFO - Train step: 300 lip: 0.0000 local_sync: 0.0000 l1: 0.1259 prec_g: 0.7121 disc_real_g: 0.6746 disc_fake_g: 0.7112 | gpu: 23004 | lr: 0.0001
2023-09-01 11:12:29,365 - root - INFO - Valid step: 300 lip: 88.1167 local_sync: 13.3702 l1: 0.0787 prec_g: 0.6918 disc_real_g: 0.6901 disc_fake_g: 0.6946 | wer: 0.9800865800865801
2023-09-01 11:12:29,366 - root - INFO - 

2023-09-01 11:29:55,616 - root - INFO - Train step: 600 lip: 0.0000 local_sync: 0.0000 l1: 0.1069 prec_g: 0.6920 disc_real_g: 0.6692 disc_fake_g: 0.7296 | gpu: 23148 | lr: 0.0001
2023-09-01 11:29:55,616 - root - INFO - Valid step: 600 lip: 88.8772 local_sync: 13.3608 l1: 0.0667 prec_g: 0.6821 disc_real_g: 0.6805 disc_fake_g: 0.7043 | wer: 0.9892640692640693
2023-09-01 11:29:55,616 - root - INFO - 

2023-09-01 11:47:41,019 - root - INFO - Train step: 900 lip: 0.0000 local_sync: 0.0000 l1: 0.0957 prec_g: 0.6895 disc_real_g: 0.6730 disc_fake_g: 0.7209 | gpu: 23154 | lr: 0.0001
2023-09-01 11:47:41,020 - root - INFO - Valid step: 900 lip: 89.6118 local_sync: 13.3569 l1: 0.0533 prec_g: 0.7112 disc_real_g: 0.7079 disc_fake_g: 0.6754 | wer: 0.9927272727272727
2023-09-01 11:47:41,020 - root - INFO - 

2023-09-01 12:04:30,397 - root - INFO - Train step: 1200 lip: 0.0000 local_sync: 0.0000 l1: 0.0885 prec_g: 0.6875 disc_real_g: 0.6742 disc_fake_g: 0.7175 | gpu: 23156 | lr: 0.0001
2023-09-01 12:04:30,397 - root - INFO - Valid step: 1200 lip: 89.8480 local_sync: 13.3376 l1: 0.0493 prec_g: 0.7150 disc_real_g: 0.7087 disc_fake_g: 0.6723 | wer: 0.9925541125541125
2023-09-01 12:04:30,397 - root - INFO - 

2023-09-01 12:23:01,257 - root - INFO - Train step: 1500 lip: 0.0000 local_sync: 0.0000 l1: 0.0835 prec_g: 0.6848 disc_real_g: 0.6725 disc_fake_g: 0.7176 | gpu: 23156 | lr: 0.0001
2023-09-01 12:23:01,257 - root - INFO - Valid step: 1500 lip: 90.4218 local_sync: 13.3641 l1: 0.0493 prec_g: 0.6770 disc_real_g: 0.6794 disc_fake_g: 0.7136 | wer: 0.9942857142857143
2023-09-01 12:23:01,257 - root - INFO - 

2023-09-01 12:40:27,008 - root - INFO - Train step: 1800 lip: 0.0000 local_sync: 0.0000 l1: 0.0795 prec_g: 0.6820 disc_real_g: 0.6704 disc_fake_g: 0.7185 | gpu: 23156 | lr: 0.0001
2023-09-01 12:40:27,009 - root - INFO - Valid step: 1800 lip: 90.6798 local_sync: 13.3820 l1: 0.0443 prec_g: 0.7219 disc_real_g: 0.7133 disc_fake_g: 0.6655 | wer: 0.9946320346320346
2023-09-01 12:40:27,009 - root - INFO - 

2023-09-01 12:57:09,803 - root - INFO - Train step: 2100 lip: 0.0000 local_sync: 0.0000 l1: 0.0764 prec_g: 0.6811 disc_real_g: 0.6696 disc_fake_g: 0.7183 | gpu: 23156 | lr: 0.0001
2023-09-01 12:57:09,803 - root - INFO - Valid step: 2100 lip: 90.9526 local_sync: 13.3347 l1: 0.0443 prec_g: 0.7065 disc_real_g: 0.6887 disc_fake_g: 0.6811 | wer: 0.9939393939393939
2023-09-01 12:57:09,803 - root - INFO - 

2023-09-01 13:14:30,469 - root - INFO - Train step: 2400 lip: 0.0000 local_sync: 0.0000 l1: 0.0741 prec_g: 0.6791 disc_real_g: 0.6675 disc_fake_g: 0.7197 | gpu: 23156 | lr: 0.0001
2023-09-01 13:14:30,469 - root - INFO - Valid step: 2400 lip: 90.5057 local_sync: 13.3431 l1: 0.0528 prec_g: 0.5859 disc_real_g: 0.5689 disc_fake_g: 0.8427 | wer: 0.9934199134199134
2023-09-01 13:14:30,469 - root - INFO - 

2023-09-01 13:33:02,456 - root - INFO - Train step: 2700 lip: 0.0000 local_sync: 0.0000 l1: 0.0720 prec_g: 0.6775 disc_real_g: 0.6666 disc_fake_g: 0.7203 | gpu: 23156 | lr: 0.0001
2023-09-01 13:33:02,456 - root - INFO - Valid step: 2700 lip: 90.8624 local_sync: 13.3651 l1: 0.0430 prec_g: 0.7127 disc_real_g: 0.7106 disc_fake_g: 0.6740 | wer: 0.9939393939393939
2023-09-01 13:33:02,456 - root - INFO - 

2023-09-01 13:49:35,608 - root - INFO - Train step: 3000 lip: 0.0000 local_sync: 0.0000 l1: 0.0701 prec_g: 0.6763 disc_real_g: 0.6658 disc_fake_g: 0.7210 | gpu: 23156 | lr: 0.0001
2023-09-01 13:49:35,608 - root - INFO - Valid step: 3000 lip: 90.7470 local_sync: 13.3408 l1: 0.0422 prec_g: 0.6887 disc_real_g: 0.6890 disc_fake_g: 0.6977 | wer: 0.9935930735930736
2023-09-01 13:49:35,608 - root - INFO - 

2023-09-01 14:06:15,568 - root - INFO - Train step: 3300 lip: 0.0000 local_sync: 0.0000 l1: 0.0685 prec_g: 0.6757 disc_real_g: 0.6657 disc_fake_g: 0.7210 | gpu: 23430 | lr: 0.0001
2023-09-01 14:06:15,568 - root - INFO - Valid step: 3300 lip: 90.4628 local_sync: 13.3549 l1: 0.0449 prec_g: 0.6595 disc_real_g: 0.6542 disc_fake_g: 0.7282 | wer: 0.9932467532467533
2023-09-01 14:06:15,568 - root - INFO - 

2023-09-01 14:23:04,924 - root - INFO - Train step: 3600 lip: 0.0000 local_sync: 0.0000 l1: 0.0670 prec_g: 0.6755 disc_real_g: 0.6657 disc_fake_g: 0.7203 | gpu: 23328 | lr: 0.0001
2023-09-01 14:23:04,925 - root - INFO - Valid step: 3600 lip: 91.5006 local_sync: 13.3760 l1: 0.0429 prec_g: 0.7011 disc_real_g: 0.7024 disc_fake_g: 0.6854 | wer: 0.9935930735930736
2023-09-01 14:23:04,925 - root - INFO - 

2023-09-01 14:40:02,877 - root - INFO - Train step: 3900 lip: 0.0000 local_sync: 0.0000 l1: 0.0657 prec_g: 0.6741 disc_real_g: 0.6649 disc_fake_g: 0.7211 | gpu: 23328 | lr: 0.0001
2023-09-01 14:40:02,877 - root - INFO - Valid step: 3900 lip: 91.2550 local_sync: 13.3531 l1: 0.0395 prec_g: 0.7356 disc_real_g: 0.7331 disc_fake_g: 0.6525 | wer: 0.9941125541125541
2023-09-01 14:40:02,877 - root - INFO - 

2023-09-01 14:56:49,957 - root - INFO - Train step: 4200 lip: 0.0000 local_sync: 0.0000 l1: 0.0644 prec_g: 0.6732 disc_real_g: 0.6645 disc_fake_g: 0.7215 | gpu: 23328 | lr: 0.0001
2023-09-01 14:56:49,957 - root - INFO - Valid step: 4200 lip: 91.5428 local_sync: 13.3766 l1: 0.0384 prec_g: 0.6462 disc_real_g: 0.6449 disc_fake_g: 0.7427 | wer: 0.9948051948051948
2023-09-01 14:56:49,957 - root - INFO - 

2023-09-01 15:13:27,723 - root - INFO - Train step: 4500 lip: 0.0000 local_sync: 0.0000 l1: 0.0633 prec_g: 0.6725 disc_real_g: 0.6641 disc_fake_g: 0.7269 | gpu: 23328 | lr: 0.0001
2023-09-01 15:13:27,723 - root - INFO - Valid step: 4500 lip: 90.5732 local_sync: 13.3191 l1: 0.0523 prec_g: 0.6516 disc_real_g: 0.6512 disc_fake_g: 0.7367 | wer: 0.9930735930735931
2023-09-01 15:13:27,723 - root - INFO - 

2023-09-01 15:30:27,656 - root - INFO - Train step: 4800 lip: 0.0000 local_sync: 0.0000 l1: 0.0622 prec_g: 0.6717 disc_real_g: 0.6637 disc_fake_g: 0.7269 | gpu: 23330 | lr: 0.0001
2023-09-01 15:30:27,656 - root - INFO - Valid step: 4800 lip: 91.6405 local_sync: 13.3831 l1: 0.0382 prec_g: 0.6501 disc_real_g: 0.6495 disc_fake_g: 0.7381 | wer: 0.994978354978355
2023-09-01 15:30:27,656 - root - INFO - 

2023-09-01 15:47:00,183 - root - INFO - Train step: 5100 lip: 0.0000 local_sync: 0.0000 l1: 0.0612 prec_g: 0.6710 disc_real_g: 0.6633 disc_fake_g: 0.7270 | gpu: 23336 | lr: 0.0001
2023-09-01 15:47:00,184 - root - INFO - Valid step: 5100 lip: 91.2979 local_sync: 13.3890 l1: 0.0417 prec_g: 0.6787 disc_real_g: 0.6791 disc_fake_g: 0.7079 | wer: 0.9942857142857143
2023-09-01 15:47:00,184 - root - INFO - 

2023-09-01 16:04:01,329 - root - INFO - Train step: 5400 lip: 0.0000 local_sync: 0.0000 l1: 0.0603 prec_g: 0.6704 disc_real_g: 0.6632 disc_fake_g: 0.7270 | gpu: 23336 | lr: 0.0001
2023-09-01 16:04:01,329 - root - INFO - Valid step: 5400 lip: 91.8265 local_sync: 13.3905 l1: 0.0358 prec_g: 0.6617 disc_real_g: 0.6611 disc_fake_g: 0.7256 | wer: 0.9944588744588745
2023-09-01 16:04:01,329 - root - INFO - 

2023-09-01 16:21:07,487 - root - INFO - Train step: 5700 lip: 0.0000 local_sync: 0.0000 l1: 0.0595 prec_g: 0.6700 disc_real_g: 0.6631 disc_fake_g: 0.7269 | gpu: 23336 | lr: 0.0001
2023-09-01 16:21:07,487 - root - INFO - Valid step: 5700 lip: 91.5982 local_sync: 13.4128 l1: 0.0368 prec_g: 0.6719 disc_real_g: 0.6710 disc_fake_g: 0.7149 | wer: 0.994978354978355
2023-09-01 16:21:07,487 - root - INFO - 

2023-09-01 16:38:10,953 - root - INFO - Train step: 6000 lip: 0.0000 local_sync: 0.0000 l1: 0.0588 prec_g: 0.6696 disc_real_g: 0.6630 disc_fake_g: 0.7270 | gpu: 23330 | lr: 0.0001
2023-09-01 16:38:10,954 - root - INFO - Valid step: 6000 lip: 91.7980 local_sync: 13.3889 l1: 0.0381 prec_g: 0.6614 disc_real_g: 0.6617 disc_fake_g: 0.7260 | wer: 0.9946320346320346
2023-09-01 16:38:10,954 - root - INFO - 

2023-09-01 16:55:15,659 - root - INFO - Train step: 6300 lip: 0.0000 local_sync: 0.0000 l1: 0.0580 prec_g: 0.6692 disc_real_g: 0.6629 disc_fake_g: 0.7270 | gpu: 23330 | lr: 0.0001
2023-09-01 16:55:15,659 - root - INFO - Valid step: 6300 lip: 92.1163 local_sync: 13.4155 l1: 0.0354 prec_g: 0.6481 disc_real_g: 0.6476 disc_fake_g: 0.7404 | wer: 0.994978354978355
2023-09-01 16:55:15,659 - root - INFO - 

2023-09-01 17:12:41,088 - root - INFO - Train step: 6600 lip: 0.0000 local_sync: 0.0000 l1: 0.0573 prec_g: 0.6688 disc_real_g: 0.6628 disc_fake_g: 0.7270 | gpu: 23336 | lr: 0.0001
2023-09-01 17:12:41,088 - root - INFO - Valid step: 6600 lip: 92.1260 local_sync: 13.4199 l1: 0.0353 prec_g: 0.6511 disc_real_g: 0.6501 disc_fake_g: 0.7370 | wer: 0.9948051948051948
2023-09-01 17:12:41,088 - root - INFO - 

2023-09-01 17:29:27,971 - root - INFO - Train step: 6900 lip: 0.0000 local_sync: 0.0000 l1: 0.0566 prec_g: 0.6684 disc_real_g: 0.6626 disc_fake_g: 0.7270 | gpu: 23336 | lr: 0.0001
2023-09-01 17:29:27,971 - root - INFO - Valid step: 6900 lip: 91.2367 local_sync: 13.3912 l1: 0.0380 prec_g: 0.6639 disc_real_g: 0.6638 disc_fake_g: 0.7233 | wer: 0.994978354978355
2023-09-01 17:29:27,971 - root - INFO - 

2023-09-01 17:46:07,496 - root - INFO - Train step: 7200 lip: 0.0000 local_sync: 0.0000 l1: 0.0560 prec_g: 0.6682 disc_real_g: 0.6626 disc_fake_g: 0.7269 | gpu: 23336 | lr: 0.0001
2023-09-01 17:46:07,497 - root - INFO - Valid step: 7200 lip: 91.8767 local_sync: 13.3977 l1: 0.0352 prec_g: 0.6546 disc_real_g: 0.6539 disc_fake_g: 0.7333 | wer: 0.9946320346320346
2023-09-01 17:46:07,497 - root - INFO - 

2023-09-01 18:02:35,752 - root - INFO - Train step: 7500 lip: 0.0000 local_sync: 0.0000 l1: 0.0554 prec_g: 0.6682 disc_real_g: 0.6627 disc_fake_g: 0.7266 | gpu: 23336 | lr: 0.0001
2023-09-01 18:02:35,752 - root - INFO - Valid step: 7500 lip: 92.0544 local_sync: 13.4079 l1: 0.0347 prec_g: 0.6928 disc_real_g: 0.6906 disc_fake_g: 0.6936 | wer: 0.994978354978355
2023-09-01 18:02:35,752 - root - INFO - 

2023-09-01 18:20:03,985 - root - INFO - Train step: 7800 lip: 0.0000 local_sync: 0.0000 l1: 0.0548 prec_g: 0.6680 disc_real_g: 0.6626 disc_fake_g: 0.7266 | gpu: 23328 | lr: 0.0001
2023-09-01 18:20:03,985 - root - INFO - Valid step: 7800 lip: 91.9657 local_sync: 13.3979 l1: 0.0386 prec_g: 0.6618 disc_real_g: 0.6619 disc_fake_g: 0.7255 | wer: 0.9948051948051948
2023-09-01 18:20:03,985 - root - INFO - 

2023-09-01 18:37:34,567 - root - INFO - Train step: 8100 lip: 0.0000 local_sync: 0.0000 l1: 0.0542 prec_g: 0.6677 disc_real_g: 0.6625 disc_fake_g: 0.7267 | gpu: 23328 | lr: 0.0001
2023-09-01 18:37:34,568 - root - INFO - Valid step: 8100 lip: 91.9548 local_sync: 13.3895 l1: 0.0334 prec_g: 0.6574 disc_real_g: 0.6573 disc_fake_g: 0.7303 | wer: 0.994978354978355
2023-09-01 18:37:34,568 - root - INFO - 

2023-09-01 18:54:15,430 - root - INFO - Train step: 8400 lip: 0.0000 local_sync: 0.0000 l1: 0.0537 prec_g: 0.6674 disc_real_g: 0.6624 disc_fake_g: 0.7267 | gpu: 23328 | lr: 0.0001
2023-09-01 18:54:15,430 - root - INFO - Valid step: 8400 lip: 91.1400 local_sync: 13.3673 l1: 0.0432 prec_g: 0.6473 disc_real_g: 0.6476 disc_fake_g: 0.7413 | wer: 0.9941125541125541
2023-09-01 18:54:15,430 - root - INFO - 

2023-09-01 19:10:54,713 - root - INFO - Train step: 8700 lip: 0.0000 local_sync: 0.0000 l1: 0.0532 prec_g: 0.6671 disc_real_g: 0.6621 disc_fake_g: 0.7396 | gpu: 23336 | lr: 0.0001
2023-09-01 19:10:54,713 - root - INFO - Valid step: 8700 lip: 92.2945 local_sync: 13.3882 l1: 0.0347 prec_g: 0.6705 disc_real_g: 0.6673 disc_fake_g: 0.7185 | wer: 0.9948051948051948
2023-09-01 19:10:54,713 - root - INFO - 

2023-09-01 19:27:32,556 - root - INFO - Train step: 9000 lip: 0.0000 local_sync: 0.0000 l1: 0.0528 prec_g: 0.6670 disc_real_g: 0.6621 disc_fake_g: 0.7390 | gpu: 23336 | lr: 0.0001
2023-09-01 19:27:32,556 - root - INFO - Valid step: 9000 lip: 92.3903 local_sync: 13.4167 l1: 0.0315 prec_g: 0.6574 disc_real_g: 0.6565 disc_fake_g: 0.7324 | wer: 0.9946320346320346
2023-09-01 19:27:32,556 - root - INFO - 

2023-09-01 19:43:59,233 - root - INFO - Train step: 9300 lip: 0.0000 local_sync: 0.0000 l1: 0.0523 prec_g: 0.6669 disc_real_g: 0.6620 disc_fake_g: 0.7386 | gpu: 23336 | lr: 0.0001
2023-09-01 19:43:59,233 - root - INFO - Valid step: 9300 lip: 92.3463 local_sync: 13.3988 l1: 0.0338 prec_g: 0.6628 disc_real_g: 0.6592 disc_fake_g: 0.7323 | wer: 0.9944588744588745
2023-09-01 19:43:59,233 - root - INFO - 

2023-09-01 20:00:17,629 - root - INFO - Train step: 9600 lip: 0.0000 local_sync: 0.0000 l1: 0.0518 prec_g: 0.6669 disc_real_g: 0.6620 disc_fake_g: 0.7381 | gpu: 23336 | lr: 0.0001
2023-09-01 20:00:17,630 - root - INFO - Valid step: 9600 lip: 92.0961 local_sync: 13.3942 l1: 0.0349 prec_g: 0.6767 disc_real_g: 0.6620 disc_fake_g: 0.7117 | wer: 0.9944588744588745
2023-09-01 20:00:17,630 - root - INFO - 

2023-09-01 20:16:47,280 - root - INFO - Train step: 9900 lip: 0.0000 local_sync: 0.0000 l1: 0.0514 prec_g: 0.6667 disc_real_g: 0.6619 disc_fake_g: 0.7379 | gpu: 23328 | lr: 0.0001
2023-09-01 20:16:47,280 - root - INFO - Valid step: 9900 lip: 92.2976 local_sync: 13.4161 l1: 0.0374 prec_g: 0.7203 disc_real_g: 0.7162 disc_fake_g: 0.6673 | wer: 0.994978354978355
2023-09-01 20:16:47,280 - root - INFO - 

2023-09-01 20:33:11,924 - root - INFO - Train step: 10200 lip: 0.0000 local_sync: 0.0000 l1: 0.0510 prec_g: 0.6669 disc_real_g: 0.6620 disc_fake_g: 0.7373 | gpu: 23336 | lr: 0.0001
2023-09-01 20:33:11,925 - root - INFO - Valid step: 10200 lip: 92.5833 local_sync: 13.3709 l1: 0.0334 prec_g: 0.6240 disc_real_g: 0.6121 disc_fake_g: 0.7702 | wer: 0.9941125541125541
2023-09-01 20:33:11,925 - root - INFO - 

2023-09-01 20:49:31,716 - root - INFO - Train step: 10500 lip: 0.0000 local_sync: 0.0000 l1: 0.0507 prec_g: 0.6668 disc_real_g: 0.6619 disc_fake_g: 0.7370 | gpu: 23336 | lr: 0.0001
2023-09-01 20:49:31,717 - root - INFO - Valid step: 10500 lip: 92.3485 local_sync: 13.3218 l1: 0.0347 prec_g: 0.6306 disc_real_g: 0.6256 disc_fake_g: 0.7616 | wer: 0.9937662337662337
2023-09-01 20:49:31,717 - root - INFO - 

2023-09-01 21:05:57,405 - root - INFO - Train step: 10800 lip: 0.0000 local_sync: 0.0000 l1: 0.0503 prec_g: 0.6666 disc_real_g: 0.6617 disc_fake_g: 0.7368 | gpu: 23336 | lr: 0.0001
2023-09-01 21:05:57,405 - root - INFO - Valid step: 10800 lip: 92.6795 local_sync: 13.3553 l1: 0.0312 prec_g: 0.6143 disc_real_g: 0.6098 disc_fake_g: 0.7790 | wer: 0.9942857142857143
2023-09-01 21:05:57,405 - root - INFO - 

2023-09-01 21:22:10,594 - root - INFO - Train step: 11100 lip: 0.0000 local_sync: 0.0000 l1: 0.0500 prec_g: 0.6665 disc_real_g: 0.6615 disc_fake_g: 0.7366 | gpu: 23336 | lr: 0.0001
2023-09-01 21:22:10,595 - root - INFO - Valid step: 11100 lip: 92.6033 local_sync: 13.4391 l1: 0.0354 prec_g: 0.6645 disc_real_g: 0.6686 disc_fake_g: 0.7230 | wer: 0.9948051948051948
2023-09-01 21:22:10,595 - root - INFO - 

2023-09-01 21:38:30,106 - root - INFO - Train step: 11400 lip: 0.0000 local_sync: 0.0000 l1: 0.0496 prec_g: 0.6664 disc_real_g: 0.6613 disc_fake_g: 0.7365 | gpu: 23336 | lr: 0.0001
2023-09-01 21:38:30,107 - root - INFO - Valid step: 11400 lip: 92.7760 local_sync: 13.4064 l1: 0.0308 prec_g: 0.6629 disc_real_g: 0.6631 disc_fake_g: 0.7244 | wer: 0.9948051948051948
2023-09-01 21:38:30,107 - root - INFO - 

2023-09-01 21:54:49,877 - root - INFO - Train step: 11700 lip: 0.0000 local_sync: 0.0000 l1: 0.0492 prec_g: 0.6664 disc_real_g: 0.6612 disc_fake_g: 0.7362 | gpu: 23336 | lr: 0.0001
2023-09-01 21:54:49,877 - root - INFO - Valid step: 11700 lip: 92.5751 local_sync: 13.3794 l1: 0.0321 prec_g: 0.6426 disc_real_g: 0.6384 disc_fake_g: 0.7471 | wer: 0.9944588744588745
2023-09-01 21:54:49,877 - root - INFO - 

2023-09-01 22:11:22,659 - root - INFO - Train step: 12000 lip: 0.0000 local_sync: 0.0000 l1: 0.0489 prec_g: 0.6663 disc_real_g: 0.6611 disc_fake_g: 0.7363 | gpu: 23336 | lr: 0.0001
2023-09-01 22:11:22,659 - root - INFO - Valid step: 12000 lip: 92.7520 local_sync: 13.3869 l1: 0.0310 prec_g: 0.7395 disc_real_g: 0.6943 disc_fake_g: 0.6544 | wer: 0.9941125541125541
2023-09-01 22:11:22,659 - root - INFO - 

2023-09-01 22:28:28,566 - root - INFO - Train step: 12300 lip: 0.0000 local_sync: 0.0000 l1: 0.0486 prec_g: 0.6666 disc_real_g: 0.6614 disc_fake_g: 0.7364 | gpu: 23336 | lr: 0.0001
2023-09-01 22:28:28,566 - root - INFO - Valid step: 12300 lip: 92.8055 local_sync: 13.3676 l1: 0.0311 prec_g: 0.6504 disc_real_g: 0.6487 disc_fake_g: 0.7379 | wer: 0.994978354978355
2023-09-01 22:28:28,566 - root - INFO - 

2023-09-01 22:46:04,084 - root - INFO - Train step: 12600 lip: 0.0000 local_sync: 0.0000 l1: 0.0483 prec_g: 0.6668 disc_real_g: 0.6616 disc_fake_g: 0.7358 | gpu: 23336 | lr: 0.0001
2023-09-01 22:46:04,084 - root - INFO - Valid step: 12600 lip: 92.4017 local_sync: 13.3747 l1: 0.0308 prec_g: 0.6705 disc_real_g: 0.6642 disc_fake_g: 0.7166 | wer: 0.9941125541125541
2023-09-01 22:46:04,084 - root - INFO - 

2023-09-01 23:03:46,329 - root - INFO - Train step: 12900 lip: 0.0000 local_sync: 0.0000 l1: 0.0480 prec_g: 0.6665 disc_real_g: 0.6612 disc_fake_g: 0.7361 | gpu: 23336 | lr: 0.0001
2023-09-01 23:03:46,330 - root - INFO - Valid step: 12900 lip: 92.8323 local_sync: 13.3509 l1: 0.0297 prec_g: 0.6839 disc_real_g: 0.6813 disc_fake_g: 0.7027 | wer: 0.9944588744588745
2023-09-01 23:03:46,330 - root - INFO - 

2023-09-01 23:21:59,549 - root - INFO - Train step: 13200 lip: 0.0000 local_sync: 0.0000 l1: 0.0477 prec_g: 0.6668 disc_real_g: 0.6615 disc_fake_g: 0.7354 | gpu: 23338 | lr: 0.0001
2023-09-01 23:21:59,549 - root - INFO - Valid step: 13200 lip: 92.7640 local_sync: 13.3467 l1: 0.0299 prec_g: 0.7085 disc_real_g: 0.6996 disc_fake_g: 0.6783 | wer: 0.9946320346320346
2023-09-01 23:21:59,549 - root - INFO - 

2023-09-01 23:39:06,565 - root - INFO - Train step: 13500 lip: 0.0000 local_sync: 0.0000 l1: 0.0475 prec_g: 0.6670 disc_real_g: 0.6617 disc_fake_g: 0.7349 | gpu: 23338 | lr: 0.0001
2023-09-01 23:39:06,565 - root - INFO - Valid step: 13500 lip: 92.7471 local_sync: 13.3809 l1: 0.0299 prec_g: 0.6893 disc_real_g: 0.6640 disc_fake_g: 0.6996 | wer: 0.9935930735930736
2023-09-01 23:39:06,565 - root - INFO - 

2023-09-01 23:58:40,890 - root - INFO - Train step: 13800 lip: 0.0000 local_sync: 0.0000 l1: 0.0472 prec_g: 0.6671 disc_real_g: 0.6617 disc_fake_g: 0.7348 | gpu: 23338 | lr: 0.0001
2023-09-01 23:58:40,891 - root - INFO - Valid step: 13800 lip: 92.9364 local_sync: 13.3871 l1: 0.0289 prec_g: 0.6698 disc_real_g: 0.6678 disc_fake_g: 0.7174 | wer: 0.9941125541125541
2023-09-01 23:58:40,891 - root - INFO - 

2023-09-02 00:18:58,838 - root - INFO - Train step: 14100 lip: 0.0000 local_sync: 0.0000 l1: 0.0470 prec_g: 0.6668 disc_real_g: 0.6613 disc_fake_g: 0.7348 | gpu: 23328 | lr: 0.0001
2023-09-02 00:18:58,838 - root - INFO - Valid step: 14100 lip: 92.9188 local_sync: 13.3439 l1: 0.0306 prec_g: 0.6212 disc_real_g: 0.6128 disc_fake_g: 0.7745 | wer: 0.9937662337662337
2023-09-02 00:18:58,838 - root - INFO - 

2023-09-02 00:38:19,268 - root - INFO - Train step: 14400 lip: 0.0000 local_sync: 0.0000 l1: 0.0467 prec_g: 0.6667 disc_real_g: 0.6611 disc_fake_g: 0.7348 | gpu: 23336 | lr: 0.0001
2023-09-02 00:38:19,268 - root - INFO - Valid step: 14400 lip: 92.9572 local_sync: 13.4085 l1: 0.0290 prec_g: 0.6948 disc_real_g: 0.6770 disc_fake_g: 0.7128 | wer: 0.9954978354978355
2023-09-02 00:38:19,268 - root - INFO - 

2023-09-02 00:54:48,963 - root - INFO - Train step: 14700 lip: 0.0000 local_sync: 0.0000 l1: 0.0465 prec_g: 0.6667 disc_real_g: 0.6612 disc_fake_g: 0.7345 | gpu: 23336 | lr: 0.0001
2023-09-02 00:54:48,964 - root - INFO - Valid step: 14700 lip: 92.7637 local_sync: 13.3483 l1: 0.0305 prec_g: 0.6762 disc_real_g: 0.6732 disc_fake_g: 0.7104 | wer: 0.9939393939393939
2023-09-02 00:54:48,964 - root - INFO - 

2023-09-02 01:11:37,235 - root - INFO - Train step: 15000 lip: 0.0000 local_sync: 0.0000 l1: 0.0463 prec_g: 0.6669 disc_real_g: 0.6613 disc_fake_g: 0.7341 | gpu: 23336 | lr: 0.0001
2023-09-02 01:11:37,235 - root - INFO - Valid step: 15000 lip: 92.5886 local_sync: 13.3196 l1: 0.0319 prec_g: 0.7798 disc_real_g: 0.7661 disc_fake_g: 0.6148 | wer: 0.9939393939393939
2023-09-02 01:11:37,235 - root - INFO - 

2023-09-02 01:20:31,642 - root - INFO - There are 4 cases of out of memory in one epoch
2023-09-02 01:29:00,499 - root - INFO - Train step: 15300 lip: 0.0000 local_sync: 0.0000 l1: 0.0358 prec_g: 0.6403 disc_real_g: 0.6467 disc_fake_g: 0.7522 | gpu: 23330 | lr: 0.0001
2023-09-02 01:29:00,499 - root - INFO - Valid step: 15300 lip: 92.9664 local_sync: 13.3589 l1: 0.0318 prec_g: 0.7104 disc_real_g: 0.6963 disc_fake_g: 0.6805 | wer: 0.9932467532467533
2023-09-02 01:29:00,499 - root - INFO - 

2023-09-02 01:45:38,481 - root - INFO - Train step: 15600 lip: 0.0000 local_sync: 0.0000 l1: 0.0348 prec_g: 0.6626 disc_real_g: 0.6554 disc_fake_g: 0.7282 | gpu: 23336 | lr: 0.0001
2023-09-02 01:45:38,481 - root - INFO - Valid step: 15600 lip: 92.8041 local_sync: 13.4104 l1: 0.0358 prec_g: 0.6028 disc_real_g: 0.5898 disc_fake_g: 0.7996 | wer: 0.9939393939393939
2023-09-02 01:45:38,481 - root - INFO - 

2023-09-02 01:45:38,481 - root - INFO - Audio encoder start to finetune
2023-09-02 01:45:38,481 - root - INFO - 

2023-09-02 02:02:33,436 - root - INFO - Train step: 15900 lip: 0.0000 local_sync: 0.0000 l1: 0.0350 prec_g: 0.6671 disc_real_g: 0.6607 disc_fake_g: 0.7238 | gpu: 23352 | lr: 0.0001
2023-09-02 02:02:33,437 - root - INFO - Valid step: 15900 lip: 92.9255 local_sync: 13.3328 l1: 0.0299 prec_g: 0.7518 disc_real_g: 0.7464 disc_fake_g: 0.6403 | wer: 0.9941125541125541
2023-09-02 02:02:33,437 - root - INFO - 

2023-09-02 02:19:19,930 - root - INFO - Train step: 16200 lip: 0.0000 local_sync: 0.0000 l1: 0.0349 prec_g: 0.6662 disc_real_g: 0.6594 disc_fake_g: 0.7254 | gpu: 23352 | lr: 0.0001
2023-09-02 02:19:19,931 - root - INFO - Valid step: 16200 lip: 92.6233 local_sync: 13.3767 l1: 0.0311 prec_g: 0.7154 disc_real_g: 0.6903 disc_fake_g: 0.6724 | wer: 0.9930735930735931
2023-09-02 02:19:19,931 - root - INFO - 

2023-09-02 02:35:42,726 - root - INFO - Train step: 16500 lip: 0.0000 local_sync: 0.0000 l1: 0.0348 prec_g: 0.6657 disc_real_g: 0.6586 disc_fake_g: 0.7258 | gpu: 23352 | lr: 0.0001
2023-09-02 02:35:42,726 - root - INFO - Valid step: 16500 lip: 92.3797 local_sync: 13.5097 l1: 0.0331 prec_g: 0.5781 disc_real_g: 0.5767 disc_fake_g: 0.8247 | wer: 0.9939393939393939
2023-09-02 02:35:42,726 - root - INFO - 

2023-09-02 02:52:14,062 - root - INFO - Train step: 16800 lip: 0.0000 local_sync: 0.0000 l1: 0.0347 prec_g: 0.6666 disc_real_g: 0.6583 disc_fake_g: 0.7249 | gpu: 23352 | lr: 0.0001
2023-09-02 02:52:14,063 - root - INFO - Valid step: 16800 lip: 93.0008 local_sync: 13.4868 l1: 0.0287 prec_g: 0.6638 disc_real_g: 0.6280 disc_fake_g: 0.7268 | wer: 0.9948051948051948
2023-09-02 02:52:14,063 - root - INFO - 

2023-09-02 03:08:45,088 - root - INFO - Train step: 17100 lip: 0.0000 local_sync: 0.0000 l1: 0.0347 prec_g: 0.6700 disc_real_g: 0.6607 disc_fake_g: 0.7215 | gpu: 23352 | lr: 0.0001
2023-09-02 03:08:45,088 - root - INFO - Valid step: 17100 lip: 92.3029 local_sync: 13.4142 l1: 0.0316 prec_g: 0.6593 disc_real_g: 0.6278 disc_fake_g: 0.7300 | wer: 0.9932467532467533
2023-09-02 03:08:45,088 - root - INFO - 

2023-09-02 03:25:19,944 - root - INFO - Train step: 17400 lip: 0.0000 local_sync: 0.0000 l1: 0.0348 prec_g: 0.6691 disc_real_g: 0.6595 disc_fake_g: 0.7228 | gpu: 23352 | lr: 0.0001
2023-09-02 03:25:19,944 - root - INFO - Valid step: 17400 lip: 92.5954 local_sync: 13.3933 l1: 0.0304 prec_g: 0.6041 disc_real_g: 0.5942 disc_fake_g: 0.7916 | wer: 0.9935930735930736
2023-09-02 03:25:19,944 - root - INFO - 

2023-09-02 03:41:53,951 - root - INFO - Train step: 17700 lip: 0.0000 local_sync: 0.0000 l1: 0.0347 prec_g: 0.6683 disc_real_g: 0.6587 disc_fake_g: 0.7235 | gpu: 23352 | lr: 0.0001
2023-09-02 03:41:53,951 - root - INFO - Valid step: 17700 lip: 93.0557 local_sync: 13.4983 l1: 0.0287 prec_g: 0.6752 disc_real_g: 0.6726 disc_fake_g: 0.7114 | wer: 0.9937662337662337
2023-09-02 03:41:53,951 - root - INFO - 

2023-09-02 03:58:29,866 - root - INFO - Train step: 18000 lip: 0.0000 local_sync: 0.0000 l1: 0.0347 prec_g: 0.6692 disc_real_g: 0.6595 disc_fake_g: 0.7226 | gpu: 23352 | lr: 0.0001
2023-09-02 03:58:29,866 - root - INFO - Valid step: 18000 lip: 92.9407 local_sync: 13.4213 l1: 0.0301 prec_g: 0.6343 disc_real_g: 0.6226 disc_fake_g: 0.7572 | wer: 0.9937662337662337
2023-09-02 03:58:29,866 - root - INFO - 

2023-09-02 04:14:44,360 - root - INFO - Train step: 18300 lip: 0.0000 local_sync: 0.0000 l1: 0.0346 prec_g: 0.6679 disc_real_g: 0.6580 disc_fake_g: 0.7242 | gpu: 23352 | lr: 0.0001
2023-09-02 04:14:44,360 - root - INFO - Valid step: 18300 lip: 92.8686 local_sync: 13.3548 l1: 0.0295 prec_g: 0.6055 disc_real_g: 0.6011 disc_fake_g: 0.7909 | wer: 0.9939393939393939
2023-09-02 04:14:44,360 - root - INFO - 

2023-09-02 04:31:11,269 - root - INFO - Train step: 18600 lip: 0.0000 local_sync: 0.0000 l1: 0.0345 prec_g: 0.6675 disc_real_g: 0.6578 disc_fake_g: 0.7249 | gpu: 23352 | lr: 0.0001
2023-09-02 04:31:11,269 - root - INFO - Valid step: 18600 lip: 92.5128 local_sync: 13.3560 l1: 0.0333 prec_g: 0.6321 disc_real_g: 0.6238 disc_fake_g: 0.7589 | wer: 0.9925541125541125
2023-09-02 04:31:11,269 - root - INFO - 

2023-09-02 04:31:11,269 - root - INFO - Lip reading start to work
2023-09-02 04:31:11,269 - root - INFO - 

2023-09-02 04:48:58,674 - root - INFO - Train step: 18900 lip: 7.4980 local_sync: 0.3870 l1: 0.0344 prec_g: 0.6674 disc_real_g: 0.6576 disc_fake_g: 0.7234 | gpu: 21228 | lr: 0.0001
2023-09-02 04:48:58,675 - root - INFO - Valid step: 18900 lip: 95.9641 local_sync: 4.6593 l1: 0.0304 prec_g: 0.7083 disc_real_g: 0.7022 disc_fake_g: 0.6784 | wer: 0.9956709956709957
2023-09-02 04:48:58,675 - root - INFO - 

2023-09-02 05:06:50,217 - root - INFO - Train step: 19200 lip: 14.0887 local_sync: 0.5570 l1: 0.0343 prec_g: 0.6664 disc_real_g: 0.6568 disc_fake_g: 0.7235 | gpu: 17394 | lr: 0.0001
2023-09-02 05:06:50,217 - root - INFO - Valid step: 19200 lip: 96.6694 local_sync: 3.9497 l1: 0.0321 prec_g: 0.6675 disc_real_g: 0.6585 disc_fake_g: 0.7201 | wer: 0.9948051948051948
2023-09-02 05:06:50,217 - root - INFO - 

2023-09-02 05:24:39,873 - root - INFO - Train step: 19500 lip: 19.6731 local_sync: 0.6687 l1: 0.0341 prec_g: 0.6667 disc_real_g: 0.6569 disc_fake_g: 0.7227 | gpu: 23700 | lr: 0.0001
2023-09-02 05:24:39,873 - root - INFO - Valid step: 19500 lip: 97.2351 local_sync: 3.4927 l1: 0.0282 prec_g: 0.6312 disc_real_g: 0.6224 disc_fake_g: 0.7721 | wer: 0.994978354978355
2023-09-02 05:24:39,873 - root - INFO - 

2023-09-02 05:42:36,588 - root - INFO - Train step: 19800 lip: 24.6960 local_sync: 0.7542 l1: 0.0340 prec_g: 0.6665 disc_real_g: 0.6566 disc_fake_g: 0.7221 | gpu: 21106 | lr: 0.0001
2023-09-02 05:42:36,588 - root - INFO - Valid step: 19800 lip: 97.1715 local_sync: 3.0379 l1: 0.0349 prec_g: 0.6488 disc_real_g: 0.6071 disc_fake_g: 0.7479 | wer: 0.9944588744588745
2023-09-02 05:42:36,589 - root - INFO - 

2023-09-02 06:00:26,499 - root - INFO - Train step: 20100 lip: 29.1282 local_sync: 0.8203 l1: 0.0340 prec_g: 0.6659 disc_real_g: 0.6556 disc_fake_g: 0.7229 | gpu: 23540 | lr: 0.0001
2023-09-02 06:00:26,500 - root - INFO - Valid step: 20100 lip: 96.9841 local_sync: 3.0187 l1: 0.0339 prec_g: 0.6516 disc_real_g: 0.6463 disc_fake_g: 0.7373 | wer: 0.9953246753246753
2023-09-02 06:00:26,500 - root - INFO - 

2023-09-02 06:18:36,564 - root - INFO - Train step: 20400 lip: 32.9550 local_sync: 0.8697 l1: 0.0339 prec_g: 0.6656 disc_real_g: 0.6552 disc_fake_g: 0.7234 | gpu: 23478 | lr: 0.0001
2023-09-02 06:18:36,565 - root - INFO - Valid step: 20400 lip: 97.4921 local_sync: 2.7923 l1: 0.0284 prec_g: 0.7355 disc_real_g: 0.7228 disc_fake_g: 0.6915 | wer: 0.9942857142857143
2023-09-02 06:18:36,565 - root - INFO - 

2023-09-02 06:36:19,450 - root - INFO - Train step: 20700 lip: 36.3386 local_sync: 0.9104 l1: 0.0339 prec_g: 0.6661 disc_real_g: 0.6558 disc_fake_g: 0.7229 | gpu: 24206 | lr: 0.0001
2023-09-02 06:36:19,450 - root - INFO - Valid step: 20700 lip: 97.7863 local_sync: 2.6736 l1: 0.0302 prec_g: 0.6988 disc_real_g: 0.6955 disc_fake_g: 0.6880 | wer: 0.9958441558441559
2023-09-02 06:36:19,450 - root - INFO - 

2023-09-02 06:54:06,709 - root - INFO - Train step: 21000 lip: 39.2523 local_sync: 0.9388 l1: 0.0338 prec_g: 0.6658 disc_real_g: 0.6558 disc_fake_g: 0.7231 | gpu: 22530 | lr: 0.0001
2023-09-02 06:54:06,710 - root - INFO - Valid step: 21000 lip: 98.0689 local_sync: 2.5352 l1: 0.0277 prec_g: 0.6498 disc_real_g: 0.6448 disc_fake_g: 0.7391 | wer: 0.9951515151515151
2023-09-02 06:54:06,710 - root - INFO - 

2023-09-02 07:12:16,614 - root - INFO - Train step: 21300 lip: 41.8693 local_sync: 0.9630 l1: 0.0338 prec_g: 0.6653 disc_real_g: 0.6553 disc_fake_g: 0.7229 | gpu: 22038 | lr: 0.0001
2023-09-02 07:12:16,614 - root - INFO - Valid step: 21300 lip: 97.9952 local_sync: 2.4834 l1: 0.0306 prec_g: 0.6442 disc_real_g: 0.6157 disc_fake_g: 0.7483 | wer: 0.9954978354978355
2023-09-02 07:12:16,614 - root - INFO - 

2023-09-02 07:30:08,858 - root - INFO - Train step: 21600 lip: 44.2965 local_sync: 0.9814 l1: 0.0337 prec_g: 0.6653 disc_real_g: 0.6555 disc_fake_g: 0.7228 | gpu: 23850 | lr: 0.0001
2023-09-02 07:30:08,858 - root - INFO - Valid step: 21600 lip: 97.9395 local_sync: 2.3014 l1: 0.0315 prec_g: 0.6239 disc_real_g: 0.6037 disc_fake_g: 0.7693 | wer: 0.9951515151515151
2023-09-02 07:30:08,858 - root - INFO - 

2023-09-02 07:48:05,409 - root - INFO - Train step: 21900 lip: 46.5881 local_sync: 0.9965 l1: 0.0336 prec_g: 0.6650 disc_real_g: 0.6554 disc_fake_g: 0.7231 | gpu: 23764 | lr: 0.0001
2023-09-02 07:48:05,409 - root - INFO - Valid step: 21900 lip: 98.4810 local_sync: 2.1723 l1: 0.0314 prec_g: 0.6192 disc_real_g: 0.6099 disc_fake_g: 0.7772 | wer: 0.9946320346320346
2023-09-02 07:48:05,409 - root - INFO - 

2023-09-02 08:06:02,466 - root - INFO - Train step: 22200 lip: 48.7272 local_sync: 1.0095 l1: 0.0336 prec_g: 0.6646 disc_real_g: 0.6551 disc_fake_g: 0.7232 | gpu: 23838 | lr: 0.0001
2023-09-02 08:06:02,467 - root - INFO - Valid step: 22200 lip: 98.7285 local_sync: 2.2084 l1: 0.0264 prec_g: 0.6825 disc_real_g: 0.6612 disc_fake_g: 0.7054 | wer: 0.9946320346320346
2023-09-02 08:06:02,467 - root - INFO - 

2023-09-02 08:23:51,555 - root - INFO - Train step: 22500 lip: 50.6674 local_sync: 1.0177 l1: 0.0335 prec_g: 0.6649 disc_real_g: 0.6554 disc_fake_g: 0.7230 | gpu: 24160 | lr: 0.0001
2023-09-02 08:23:51,555 - root - INFO - Valid step: 22500 lip: 98.7462 local_sync: 2.2644 l1: 0.0296 prec_g: 0.6911 disc_real_g: 0.6795 disc_fake_g: 0.6995 | wer: 0.9944588744588745
2023-09-02 08:23:51,555 - root - INFO - 

2023-09-02 08:41:44,071 - root - INFO - Train step: 22800 lip: 52.3701 local_sync: 1.0256 l1: 0.0335 prec_g: 0.6650 disc_real_g: 0.6557 disc_fake_g: 0.7225 | gpu: 23610 | lr: 0.0001
2023-09-02 08:41:44,072 - root - INFO - Valid step: 22800 lip: 98.2547 local_sync: 2.0343 l1: 0.0281 prec_g: 0.7004 disc_real_g: 0.6896 disc_fake_g: 0.6872 | wer: 0.9958441558441559
2023-09-02 08:41:44,072 - root - INFO - 

2023-09-02 08:59:04,959 - root - INFO - Train step: 23100 lip: 54.0629 local_sync: 1.0332 l1: 0.0334 prec_g: 0.6650 disc_real_g: 0.6557 disc_fake_g: 0.7224 | gpu: 23766 | lr: 0.0001
2023-09-02 08:59:04,959 - root - INFO - Valid step: 23100 lip: 99.0400 local_sync: 1.9190 l1: 0.0291 prec_g: 0.6680 disc_real_g: 0.6224 disc_fake_g: 0.7206 | wer: 0.9954978354978355
2023-09-02 08:59:04,959 - root - INFO - 

2023-09-02 09:16:57,017 - root - INFO - Train step: 23400 lip: 55.5156 local_sync: 1.0383 l1: 0.0333 prec_g: 0.6652 disc_real_g: 0.6560 disc_fake_g: 0.7222 | gpu: 23750 | lr: 0.0001
2023-09-02 09:16:57,017 - root - INFO - Valid step: 23400 lip: 98.5693 local_sync: 2.0367 l1: 0.0303 prec_g: 0.6368 disc_real_g: 0.6369 disc_fake_g: 0.7543 | wer: 0.9951515151515151
2023-09-02 09:16:57,017 - root - INFO - 

2023-09-02 09:34:57,761 - root - INFO - Train step: 23700 lip: 56.9324 local_sync: 1.0400 l1: 0.0332 prec_g: 0.6650 disc_real_g: 0.6557 disc_fake_g: 0.7221 | gpu: 24190 | lr: 0.0001
2023-09-02 09:34:57,761 - root - INFO - Valid step: 23700 lip: 98.4791 local_sync: 1.9343 l1: 0.0296 prec_g: 0.7197 disc_real_g: 0.7043 disc_fake_g: 0.6688 | wer: 0.9953246753246753
2023-09-02 09:34:57,761 - root - INFO - 

2023-09-02 09:52:59,663 - root - INFO - Train step: 24000 lip: 58.2214 local_sync: 1.0409 l1: 0.0332 prec_g: 0.6650 disc_real_g: 0.6558 disc_fake_g: 0.7219 | gpu: 17978 | lr: 0.0001
2023-09-02 09:52:59,663 - root - INFO - Valid step: 24000 lip: 98.7501 local_sync: 1.8758 l1: 0.0273 prec_g: 0.6697 disc_real_g: 0.6374 disc_fake_g: 0.7201 | wer: 0.9946320346320346
2023-09-02 09:52:59,663 - root - INFO - 

2023-09-02 09:52:59,663 - root - INFO - Training done
